<?xml version="1.0" encoding="utf-8"?><testsuites name="pytest tests"><testsuite name="pytest" errors="0" failures="0" skipped="0" tests="9" time="36.252" timestamp="2026-04-05T14:35:01.867641+00:00" hostname="agent-env-0ef8349d-dbc7-42e5-8bdf-4d3471cc7904"><testcase classname="tests.test_api.TestHealthCheck" name="test_root_endpoint_returns_welcome_message" time="3.215" /><testcase classname="tests.test_api.TestUploadPDF" name="test_upload_valid_pdf_returns_detected_format" time="3.723" /><testcase classname="tests.test_api.TestUploadPDF" name="test_upload_non_pdf_file_returns_400" time="0.502" /><testcase classname="tests.test_api.TestUploadPDF" name="test_upload_empty_file_returns_400" time="0.518" /><testcase classname="tests.test_api.TestParseTransactions" name="test_parse_transactions_returns_transactions_and_summary" time="14.293" /><testcase classname="tests.test_api.TestDownloadExcel" name="test_download_excel_returns_xlsx_file" time="13.310" /><testcase classname="tests.test_api.TestErrorHandling" name="test_upload_missing_file_returns_422" time="0.100" /><testcase classname="tests.test_api.TestErrorHandling" name="test_parse_with_invalid_payload_returns_422" time="0.141" /><testcase classname="tests.test_api.TestErrorHandling" name="test_excel_with_invalid_payload_returns_422" time="0.100" /></testsuite></testsuites>